2025-05-15T21:09:09.748+09:00  INFO 10896 --- [zerobase-login] [main] c.e.z.ZerobaseLoginApplication           : Starting ZerobaseLoginApplication using Java 17.0.12 with PID 10896 (D:\develop\zerobase-login\out\production\classes started by user in D:\develop\zerobase-login)
2025-05-15T21:09:09.752+09:00  INFO 10896 --- [zerobase-login] [main] c.e.z.ZerobaseLoginApplication           : No active profile set, falling back to 1 default profile: "default"
2025-05-15T21:09:10.341+09:00  INFO 10896 --- [zerobase-login] [main] .s.d.r.c.RepositoryConfigurationDelegate : Bootstrapping Spring Data JPA repositories in DEFAULT mode.
2025-05-15T21:09:10.421+09:00  INFO 10896 --- [zerobase-login] [main] .s.d.r.c.RepositoryConfigurationDelegate : Finished Spring Data repository scanning in 73 ms. Found 15 JPA repository interfaces.
2025-05-15T21:09:10.967+09:00  INFO 10896 --- [zerobase-login] [main] o.s.b.w.embedded.tomcat.TomcatWebServer  : Tomcat initialized with port 8080 (http)
2025-05-15T21:09:10.977+09:00  INFO 10896 --- [zerobase-login] [main] o.apache.catalina.core.StandardService   : Starting service [Tomcat]
2025-05-15T21:09:10.977+09:00  INFO 10896 --- [zerobase-login] [main] o.apache.catalina.core.StandardEngine    : Starting Servlet engine: [Apache Tomcat/10.1.40]
2025-05-15T21:09:11.027+09:00  INFO 10896 --- [zerobase-login] [main] o.a.c.c.C.[Tomcat].[localhost].[/]       : Initializing Spring embedded WebApplicationContext
2025-05-15T21:09:11.027+09:00  INFO 10896 --- [zerobase-login] [main] w.s.c.ServletWebServerApplicationContext : Root WebApplicationContext: initialization completed in 1236 ms
2025-05-15T21:09:11.108+09:00  INFO 10896 --- [zerobase-login] [main] com.zaxxer.hikari.HikariDataSource       : HikariPool-1 - Starting...
2025-05-15T21:09:11.255+09:00  INFO 10896 --- [zerobase-login] [main] com.zaxxer.hikari.pool.HikariPool        : HikariPool-1 - Added connection conn0: url=jdbc:h2:mem:testdb user=SA
2025-05-15T21:09:11.256+09:00  INFO 10896 --- [zerobase-login] [main] com.zaxxer.hikari.HikariDataSource       : HikariPool-1 - Start completed.
2025-05-15T21:09:11.387+09:00  INFO 10896 --- [zerobase-login] [main] o.hibernate.jpa.internal.util.LogHelper  : HHH000204: Processing PersistenceUnitInfo [name: default]
2025-05-15T21:09:11.420+09:00  INFO 10896 --- [zerobase-login] [main] org.hibernate.Version                    : HHH000412: Hibernate ORM core version 6.6.13.Final
2025-05-15T21:09:11.443+09:00  INFO 10896 --- [zerobase-login] [main] o.h.c.internal.RegionFactoryInitiator    : HHH000026: Second-level cache disabled
2025-05-15T21:09:11.494+09:00 DEBUG 10896 --- [zerobase-login] [main] org.hibernate.type.BasicTypeRegistry     : Adding type registration boolean -> org.hibernate.type.BasicTypeReference@47fa3671
2025-05-15T21:09:11.495+09:00 DEBUG 10896 --- [zerobase-login] [main] org.hibernate.type.BasicTypeRegistry     : Adding type registration boolean -> org.hibernate.type.BasicTypeReference@47fa3671
2025-05-15T21:09:11.495+09:00 DEBUG 10896 --- [zerobase-login] [main] org.hibernate.type.BasicTypeRegistry     : Adding type registration java.lang.Boolean -> org.hibernate.type.BasicTypeReference@47fa3671
2025-05-15T21:09:11.495+09:00 DEBUG 10896 --- [zerobase-login] [main] org.hibernate.type.BasicTypeRegistry     : Adding type registration numeric_boolean -> org.hibernate.type.BasicTypeReference@60f662bd
2025-05-15T21:09:11.495+09:00 DEBUG 10896 --- [zerobase-login] [main] org.hibernate.type.BasicTypeRegistry     : Adding type registration org.hibernate.type.NumericBooleanConverter -> org.hibernate.type.BasicTypeReference@60f662bd
2025-05-15T21:09:11.496+09:00 DEBUG 10896 --- [zerobase-login] [main] org.hibernate.type.BasicTypeRegistry     : Adding type registration true_false -> org.hibernate.type.BasicTypeReference@5df2023c
2025-05-15T21:09:11.496+09:00 DEBUG 10896 --- [zerobase-login] [main] org.hibernate.type.BasicTypeRegistry     : Adding type registration org.hibernate.type.TrueFalseConverter -> org.hibernate.type.BasicTypeReference@5df2023c
2025-05-15T21:09:11.496+09:00 DEBUG 10896 --- [zerobase-login] [main] org.hibernate.type.BasicTypeRegistry     : Adding type registration yes_no -> org.hibernate.type.BasicTypeReference@23bd047f
2025-05-15T21:09:11.496+09:00 DEBUG 10896 --- [zerobase-login] [main] org.hibernate.type.BasicTypeRegistry     : Adding type registration org.hibernate.type.YesNoConverter -> org.hibernate.type.BasicTypeReference@23bd047f
2025-05-15T21:09:11.496+09:00 DEBUG 10896 --- [zerobase-login] [main] org.hibernate.type.BasicTypeRegistry     : Adding type registration byte -> org.hibernate.type.BasicTypeReference@3562e7c7
2025-05-15T21:09:11.496+09:00 DEBUG 10896 --- [zerobase-login] [main] org.hibernate.type.BasicTypeRegistry     : Adding type registration byte -> org.hibernate.type.BasicTypeReference@3562e7c7
2025-05-15T21:09:11.497+09:00 DEBUG 10896 --- [zerobase-login] [main] org.hibernate.type.BasicTypeRegistry     : Adding type registration java.lang.Byte -> org.hibernate.type.BasicTypeReference@3562e7c7
2025-05-15T21:09:11.497+09:00 DEBUG 10896 --- [zerobase-login] [main] org.hibernate.type.BasicTypeRegistry     : Adding type registration binary -> org.hibernate.type.BasicTypeReference@66d2885c
2025-05-15T21:09:11.497+09:00 DEBUG 10896 --- [zerobase-login] [main] org.hibernate.type.BasicTypeRegistry     : Adding type registration byte[] -> org.hibernate.type.BasicTypeReference@66d2885c
2025-05-15T21:09:11.497+09:00 DEBUG 10896 --- [zerobase-login] [main] org.hibernate.type.BasicTypeRegistry     : Adding type registration [B -> org.hibernate.type.BasicTypeReference@66d2885c
2025-05-15T21:09:11.497+09:00 DEBUG 10896 --- [zerobase-login] [main] org.hibernate.type.BasicTypeRegistry     : Adding type registration binary_wrapper -> org.hibernate.type.BasicTypeReference@42576db9
2025-05-15T21:09:11.497+09:00 DEBUG 10896 --- [zerobase-login] [main] org.hibernate.type.BasicTypeRegistry     : Adding type registration wrapper-binary -> org.hibernate.type.BasicTypeReference@42576db9
2025-05-15T21:09:11.497+09:00 DEBUG 10896 --- [zerobase-login] [main] org.hibernate.type.BasicTypeRegistry     : Adding type registration image -> org.hibernate.type.BasicTypeReference@30358dc7
2025-05-15T21:09:11.497+09:00 DEBUG 10896 --- [zerobase-login] [main] org.hibernate.type.BasicTypeRegistry     : Adding type registration blob -> org.hibernate.type.BasicTypeReference@7fac18dc
2025-05-15T21:09:11.497+09:00 DEBUG 10896 --- [zerobase-login] [main] org.hibernate.type.BasicTypeRegistry     : Adding type registration java.sql.Blob -> org.hibernate.type.BasicTypeReference@7fac18dc
2025-05-15T21:09:11.497+09:00 DEBUG 10896 --- [zerobase-login] [main] org.hibernate.type.BasicTypeRegistry     : Adding type registration materialized_blob -> org.hibernate.type.BasicTypeReference@50bf795f
2025-05-15T21:09:11.497+09:00 DEBUG 10896 --- [zerobase-login] [main] org.hibernate.type.BasicTypeRegistry     : Adding type registration materialized_blob_wrapper -> org.hibernate.type.BasicTypeReference@29fcfc54
2025-05-15T21:09:11.499+09:00 DEBUG 10896 --- [zerobase-login] [main] org.hibernate.type.BasicTypeRegistry     : Adding type registration short -> org.hibernate.type.BasicTypeReference@353b0719
2025-05-15T21:09:11.499+09:00 DEBUG 10896 --- [zerobase-login] [main] org.hibernate.type.BasicTypeRegistry     : Adding type registration short -> org.hibernate.type.BasicTypeReference@353b0719
2025-05-15T21:09:11.499+09:00 DEBUG 10896 --- [zerobase-login] [main] org.hibernate.type.BasicTypeRegistry     : Adding type registration java.lang.Short -> org.hibernate.type.BasicTypeReference@353b0719
2025-05-15T21:09:11.499+09:00 DEBUG 10896 --- [zerobase-login] [main] org.hibernate.type.BasicTypeRegistry     : Adding type registration integer -> org.hibernate.type.BasicTypeReference@2a4e939a
2025-05-15T21:09:11.499+09:00 DEBUG 10896 --- [zerobase-login] [main] org.hibernate.type.BasicTypeRegistry     : Adding type registration int -> org.hibernate.type.BasicTypeReference@2a4e939a
2025-05-15T21:09:11.499+09:00 DEBUG 10896 --- [zerobase-login] [main] org.hibernate.type.BasicTypeRegistry     : Adding type registration java.lang.Integer -> org.hibernate.type.BasicTypeReference@2a4e939a
2025-05-15T21:09:11.500+09:00 DEBUG 10896 --- [zerobase-login] [main] org.hibernate.type.BasicTypeRegistry     : Adding type registration long -> org.hibernate.type.BasicTypeReference@110620d
2025-05-15T21:09:11.500+09:00 DEBUG 10896 --- [zerobase-login] [main] org.hibernate.type.BasicTypeRegistry     : Adding type registration long -> org.hibernate.type.BasicTypeReference@110620d
2025-05-15T21:09:11.500+09:00 DEBUG 10896 --- [zerobase-login] [main] org.hibernate.type.BasicTypeRegistry     : Adding type registration java.lang.Long -> org.hibernate.type.BasicTypeReference@110620d
2025-05-15T21:09:11.500+09:00 DEBUG 10896 --- [zerobase-login] [main] org.hibernate.type.BasicTypeRegistry     : Adding type registration float -> org.hibernate.type.BasicTypeReference@4f402027
2025-05-15T21:09:11.500+09:00 DEBUG 10896 --- [zerobase-login] [main] org.hibernate.type.BasicTypeRegistry     : Adding type registration float -> org.hibernate.type.BasicTypeReference@4f402027
2025-05-15T21:09:11.500+09:00 DEBUG 10896 --- [zerobase-login] [main] org.hibernate.type.BasicTypeRegistry     : Adding type registration java.lang.Float -> org.hibernate.type.BasicTypeReference@4f402027
2025-05-15T21:09:11.500+09:00 DEBUG 10896 --- [zerobase-login] [main] org.hibernate.type.BasicTypeRegistry     : Adding type registration double -> org.hibernate.type.BasicTypeReference@22aee519
2025-05-15T21:09:11.500+09:00 DEBUG 10896 --- [zerobase-login] [main] org.hibernate.type.BasicTypeRegistry     : Adding type registration double -> org.hibernate.type.BasicTypeReference@22aee519
2025-05-15T21:09:11.501+09:00 DEBUG 10896 --- [zerobase-login] [main] org.hibernate.type.BasicTypeRegistry     : Adding type registration java.lang.Double -> org.hibernate.type.BasicTypeReference@22aee519
2025-05-15T21:09:11.501+09:00 DEBUG 10896 --- [zerobase-login] [main] org.hibernate.type.BasicTypeRegistry     : Adding type registration big_integer -> org.hibernate.type.BasicTypeReference@7c226095
2025-05-15T21:09:11.501+09:00 DEBUG 10896 --- [zerobase-login] [main] org.hibernate.type.BasicTypeRegistry     : Adding type registration java.math.BigInteger -> org.hibernate.type.BasicTypeReference@7c226095
2025-05-15T21:09:11.501+09:00 DEBUG 10896 --- [zerobase-login] [main] org.hibernate.type.BasicTypeRegistry     : Adding type registration big_decimal -> org.hibernate.type.BasicTypeReference@7ea07516
2025-05-15T21:09:11.501+09:00 DEBUG 10896 --- [zerobase-login] [main] org.hibernate.type.BasicTypeRegistry     : Adding type registration java.math.BigDecimal -> org.hibernate.type.BasicTypeReference@7ea07516
2025-05-15T21:09:11.501+09:00 DEBUG 10896 --- [zerobase-login] [main] org.hibernate.type.BasicTypeRegistry     : Adding type registration character -> org.hibernate.type.BasicTypeReference@30af23fd
2025-05-15T21:09:11.501+09:00 DEBUG 10896 --- [zerobase-login] [main] org.hibernate.type.BasicTypeRegistry     : Adding type registration char -> org.hibernate.type.BasicTypeReference@30af23fd
2025-05-15T21:09:11.501+09:00 DEBUG 10896 --- [zerobase-login] [main] org.hibernate.type.BasicTypeRegistry     : Adding type registration java.lang.Character -> org.hibernate.type.BasicTypeReference@30af23fd
2025-05-15T21:09:11.501+09:00 DEBUG 10896 --- [zerobase-login] [main] org.hibernate.type.BasicTypeRegistry     : Adding type registration character_nchar -> org.hibernate.type.BasicTypeReference@65fc8edc
2025-05-15T21:09:11.501+09:00 DEBUG 10896 --- [zerobase-login] [main] org.hibernate.type.BasicTypeRegistry     : Adding type registration string -> org.hibernate.type.BasicTypeReference@a357c3e
2025-05-15T21:09:11.502+09:00 DEBUG 10896 --- [zerobase-login] [main] org.hibernate.type.BasicTypeRegistry     : Adding type registration java.lang.String -> org.hibernate.type.BasicTypeReference@a357c3e
2025-05-15T21:09:11.502+09:00 DEBUG 10896 --- [zerobase-login] [main] org.hibernate.type.BasicTypeRegistry     : Adding type registration nstring -> org.hibernate.type.BasicTypeReference@7740b0ab
2025-05-15T21:09:11.502+09:00 DEBUG 10896 --- [zerobase-login] [main] org.hibernate.type.BasicTypeRegistry     : Adding type registration characters -> org.hibernate.type.BasicTypeReference@3eb9c575
2025-05-15T21:09:11.502+09:00 DEBUG 10896 --- [zerobase-login] [main] org.hibernate.type.BasicTypeRegistry     : Adding type registration char[] -> org.hibernate.type.BasicTypeReference@3eb9c575
2025-05-15T21:09:11.502+09:00 DEBUG 10896 --- [zerobase-login] [main] org.hibernate.type.BasicTypeRegistry     : Adding type registration [C -> org.hibernate.type.BasicTypeReference@3eb9c575
2025-05-15T21:09:11.502+09:00 DEBUG 10896 --- [zerobase-login] [main] org.hibernate.type.BasicTypeRegistry     : Adding type registration wrapper-characters -> org.hibernate.type.BasicTypeReference@3f322610
2025-05-15T21:09:11.502+09:00 DEBUG 10896 --- [zerobase-login] [main] org.hibernate.type.BasicTypeRegistry     : Adding type registration text -> org.hibernate.type.BasicTypeReference@1e477944
2025-05-15T21:09:11.502+09:00 DEBUG 10896 --- [zerobase-login] [main] org.hibernate.type.BasicTypeRegistry     : Adding type registration ntext -> org.hibernate.type.BasicTypeReference@6cf047cf
2025-05-15T21:09:11.502+09:00 DEBUG 10896 --- [zerobase-login] [main] org.hibernate.type.BasicTypeRegistry     : Adding type registration clob -> org.hibernate.type.BasicTypeReference@1c92a549
2025-05-15T21:09:11.502+09:00 DEBUG 10896 --- [zerobase-login] [main] org.hibernate.type.BasicTypeRegistry     : Adding type registration java.sql.Clob -> org.hibernate.type.BasicTypeReference@1c92a549
2025-05-15T21:09:11.502+09:00 DEBUG 10896 --- [zerobase-login] [main] org.hibernate.type.BasicTypeRegistry     : Adding type registration nclob -> org.hibernate.type.BasicTypeReference@323e026d
2025-05-15T21:09:11.502+09:00 DEBUG 10896 --- [zerobase-login] [main] org.hibernate.type.BasicTypeRegistry     : Adding type registration java.sql.NClob -> org.hibernate.type.BasicTypeReference@323e026d
2025-05-15T21:09:11.502+09:00 DEBUG 10896 --- [zerobase-login] [main] org.hibernate.type.BasicTypeRegistry     : Adding type registration materialized_clob -> org.hibernate.type.BasicTypeReference@1716c037
2025-05-15T21:09:11.502+09:00 DEBUG 10896 --- [zerobase-login] [main] org.hibernate.type.BasicTypeRegistry     : Adding type registration materialized_clob_char_array -> org.hibernate.type.BasicTypeReference@79b63325
2025-05-15T21:09:11.503+09:00 DEBUG 10896 --- [zerobase-login] [main] org.hibernate.type.BasicTypeRegistry     : Adding type registration materialized_clob_character_array -> org.hibernate.type.BasicTypeReference@708769b7
2025-05-15T21:09:11.503+09:00 DEBUG 10896 --- [zerobase-login] [main] org.hibernate.type.BasicTypeRegistry     : Adding type registration materialized_nclob -> org.hibernate.type.BasicTypeReference@32e830a0
2025-05-15T21:09:11.503+09:00 DEBUG 10896 --- [zerobase-login] [main] org.hibernate.type.BasicTypeRegistry     : Adding type registration materialized_nclob_character_array -> org.hibernate.type.BasicTypeReference@135e49b2
2025-05-15T21:09:11.503+09:00 DEBUG 10896 --- [zerobase-login] [main] org.hibernate.type.BasicTypeRegistry     : Adding type registration materialized_nclob_char_array -> org.hibernate.type.BasicTypeReference@5bb97fe7
2025-05-15T21:09:11.503+09:00 DEBUG 10896 --- [zerobase-login] [main] org.hibernate.type.BasicTypeRegistry     : Adding type registration Duration -> org.hibernate.type.BasicTypeReference@10b87ff6
2025-05-15T21:09:11.503+09:00 DEBUG 10896 --- [zerobase-login] [main] org.hibernate.type.BasicTypeRegistry     : Adding type registration java.time.Duration -> org.hibernate.type.BasicTypeReference@10b87ff6
2025-05-15T21:09:11.503+09:00 DEBUG 10896 --- [zerobase-login] [main] org.hibernate.type.BasicTypeRegistry     : Adding type registration LocalDateTime -> org.hibernate.type.BasicTypeReference@63262071
2025-05-15T21:09:11.503+09:00 DEBUG 10896 --- [zerobase-login] [main] org.hibernate.type.BasicTypeRegistry     : Adding type registration java.time.LocalDateTime -> org.hibernate.type.BasicTypeReference@63262071
2025-05-15T21:09:11.503+09:00 DEBUG 10896 --- [zerobase-login] [main] org.hibernate.type.BasicTypeRegistry     : Adding type registration LocalDate -> org.hibernate.type.BasicTypeReference@2d4f67e
2025-05-15T21:09:11.503+09:00 DEBUG 10896 --- [zerobase-login] [main] org.hibernate.type.BasicTypeRegistry     : Adding type registration java.time.LocalDate -> org.hibernate.type.BasicTypeReference@2d4f67e
2025-05-15T21:09:11.503+09:00 DEBUG 10896 --- [zerobase-login] [main] org.hibernate.type.BasicTypeRegistry     : Adding type registration LocalTime -> org.hibernate.type.BasicTypeReference@1282f784
2025-05-15T21:09:11.504+09:00 DEBUG 10896 --- [zerobase-login] [main] org.hibernate.type.BasicTypeRegistry     : Adding type registration java.time.LocalTime -> org.hibernate.type.BasicTypeReference@1282f784
2025-05-15T21:09:11.504+09:00 DEBUG 10896 --- [zerobase-login] [main] org.hibernate.type.BasicTypeRegistry     : Adding type registration OffsetDateTime -> org.hibernate.type.BasicTypeReference@41167ded
2025-05-15T21:09:11.504+09:00 DEBUG 10896 --- [zerobase-login] [main] org.hibernate.type.BasicTypeRegistry     : Adding type registration java.time.OffsetDateTime -> org.hibernate.type.BasicTypeReference@41167ded
2025-05-15T21:09:11.504+09:00 DEBUG 10896 --- [zerobase-login] [main] org.hibernate.type.BasicTypeRegistry     : Adding type registration OffsetDateTimeWithTimezone -> org.hibernate.type.BasicTypeReference@13e1e816
2025-05-15T21:09:11.504+09:00 DEBUG 10896 --- [zerobase-login] [main] org.hibernate.type.BasicTypeRegistry     : Adding type registration OffsetDateTimeWithoutTimezone -> org.hibernate.type.BasicTypeReference@36238b12
2025-05-15T21:09:11.504+09:00 DEBUG 10896 --- [zerobase-login] [main] org.hibernate.type.BasicTypeRegistry     : Adding type registration OffsetTime -> org.hibernate.type.BasicTypeReference@33187485
2025-05-15T21:09:11.504+09:00 DEBUG 10896 --- [zerobase-login] [main] org.hibernate.type.BasicTypeRegistry     : Adding type registration java.time.OffsetTime -> org.hibernate.type.BasicTypeReference@33187485
2025-05-15T21:09:11.504+09:00 DEBUG 10896 --- [zerobase-login] [main] org.hibernate.type.BasicTypeRegistry     : Adding type registration OffsetTimeUtc -> org.hibernate.type.BasicTypeReference@41938e1e
2025-05-15T21:09:11.504+09:00 DEBUG 10896 --- [zerobase-login] [main] org.hibernate.type.BasicTypeRegistry     : Adding type registration OffsetTimeWithTimezone -> org.hibernate.type.BasicTypeReference@5d2e6f62
2025-05-15T21:09:11.504+09:00 DEBUG 10896 --- [zerobase-login] [main] org.hibernate.type.BasicTypeRegistry     : Adding type registration OffsetTimeWithoutTimezone -> org.hibernate.type.BasicTypeReference@77ff14ce
2025-05-15T21:09:11.504+09:00 DEBUG 10896 --- [zerobase-login] [main] org.hibernate.type.BasicTypeRegistry     : Adding type registration ZonedDateTime -> org.hibernate.type.BasicTypeReference@733fae8
2025-05-15T21:09:11.504+09:00 DEBUG 10896 --- [zerobase-login] [main] org.hibernate.type.BasicTypeRegistry     : Adding type registration java.time.ZonedDateTime -> org.hibernate.type.BasicTypeReference@733fae8
2025-05-15T21:09:11.504+09:00 DEBUG 10896 --- [zerobase-login] [main] org.hibernate.type.BasicTypeRegistry     : Adding type registration ZonedDateTimeWithTimezone -> org.hibernate.type.BasicTypeReference@5a8d676e
2025-05-15T21:09:11.504+09:00 DEBUG 10896 --- [zerobase-login] [main] org.hibernate.type.BasicTypeRegistry     : Adding type registration ZonedDateTimeWithoutTimezone -> org.hibernate.type.BasicTypeReference@74764622
2025-05-15T21:09:11.504+09:00 DEBUG 10896 --- [zerobase-login] [main] org.hibernate.type.BasicTypeRegistry     : Adding type registration date -> org.hibernate.type.BasicTypeReference@7ba06506
2025-05-15T21:09:11.504+09:00 DEBUG 10896 --- [zerobase-login] [main] org.hibernate.type.BasicTypeRegistry     : Adding type registration java.sql.Date -> org.hibernate.type.BasicTypeReference@7ba06506
2025-05-15T21:09:11.504+09:00 DEBUG 10896 --- [zerobase-login] [main] org.hibernate.type.BasicTypeRegistry     : Adding type registration time -> org.hibernate.type.BasicTypeReference@63dc3420
2025-05-15T21:09:11.505+09:00 DEBUG 10896 --- [zerobase-login] [main] org.hibernate.type.BasicTypeRegistry     : Adding type registration java.sql.Time -> org.hibernate.type.BasicTypeReference@63dc3420
2025-05-15T21:09:11.505+09:00 DEBUG 10896 --- [zerobase-login] [main] org.hibernate.type.BasicTypeRegistry     : Adding type registration timestamp -> org.hibernate.type.BasicTypeReference@525b8922
2025-05-15T21:09:11.505+09:00 DEBUG 10896 --- [zerobase-login] [main] org.hibernate.type.BasicTypeRegistry     : Adding type registration java.sql.Timestamp -> org.hibernate.type.BasicTypeReference@525b8922
2025-05-15T21:09:11.505+09:00 DEBUG 10896 --- [zerobase-login] [main] org.hibernate.type.BasicTypeRegistry     : Adding type registration java.util.Date -> org.hibernate.type.BasicTypeReference@525b8922
2025-05-15T21:09:11.505+09:00 DEBUG 10896 --- [zerobase-login] [main] org.hibernate.type.BasicTypeRegistry     : Adding type registration calendar -> org.hibernate.type.BasicTypeReference@145a821d
2025-05-15T21:09:11.505+09:00 DEBUG 10896 --- [zerobase-login] [main] org.hibernate.type.BasicTypeRegistry     : Adding type registration java.util.Calendar -> org.hibernate.type.BasicTypeReference@145a821d
2025-05-15T21:09:11.505+09:00 DEBUG 10896 --- [zerobase-login] [main] org.hibernate.type.BasicTypeRegistry     : Adding type registration java.util.GregorianCalendar -> org.hibernate.type.BasicTypeReference@145a821d
2025-05-15T21:09:11.505+09:00 DEBUG 10896 --- [zerobase-login] [main] org.hibernate.type.BasicTypeRegistry     : Adding type registration calendar_date -> org.hibernate.type.BasicTypeReference@6caa4dc5
2025-05-15T21:09:11.505+09:00 DEBUG 10896 --- [zerobase-login] [main] org.hibernate.type.BasicTypeRegistry     : Adding type registration calendar_time -> org.hibernate.type.BasicTypeReference@6ed51944
2025-05-15T21:09:11.505+09:00 DEBUG 10896 --- [zerobase-login] [main] org.hibernate.type.BasicTypeRegistry     : Adding type registration instant -> org.hibernate.type.BasicTypeReference@60c98f25
2025-05-15T21:09:11.505+09:00 DEBUG 10896 --- [zerobase-login] [main] org.hibernate.type.BasicTypeRegistry     : Adding type registration java.time.Instant -> org.hibernate.type.BasicTypeReference@60c98f25
2025-05-15T21:09:11.505+09:00 DEBUG 10896 --- [zerobase-login] [main] org.hibernate.type.BasicTypeRegistry     : Adding type registration uuid -> org.hibernate.type.BasicTypeReference@20c3b34b
2025-05-15T21:09:11.505+09:00 DEBUG 10896 --- [zerobase-login] [main] org.hibernate.type.BasicTypeRegistry     : Adding type registration java.util.UUID -> org.hibernate.type.BasicTypeReference@20c3b34b
2025-05-15T21:09:11.505+09:00 DEBUG 10896 --- [zerobase-login] [main] org.hibernate.type.BasicTypeRegistry     : Adding type registration pg-uuid -> org.hibernate.type.BasicTypeReference@20c3b34b
2025-05-15T21:09:11.505+09:00 DEBUG 10896 --- [zerobase-login] [main] org.hibernate.type.BasicTypeRegistry     : Adding type registration uuid-binary -> org.hibernate.type.BasicTypeReference@1eb906f3
2025-05-15T21:09:11.505+09:00 DEBUG 10896 --- [zerobase-login] [main] org.hibernate.type.BasicTypeRegistry     : Adding type registration uuid-char -> org.hibernate.type.BasicTypeReference@58e02359
2025-05-15T21:09:11.505+09:00 DEBUG 10896 --- [zerobase-login] [main] org.hibernate.type.BasicTypeRegistry     : Adding type registration class -> org.hibernate.type.BasicTypeReference@74fc3fc7
2025-05-15T21:09:11.505+09:00 DEBUG 10896 --- [zerobase-login] [main] org.hibernate.type.BasicTypeRegistry     : Adding type registration java.lang.Class -> org.hibernate.type.BasicTypeReference@74fc3fc7
2025-05-15T21:09:11.506+09:00 DEBUG 10896 --- [zerobase-login] [main] org.hibernate.type.BasicTypeRegistry     : Adding type registration currency -> org.hibernate.type.BasicTypeReference@491893f8
2025-05-15T21:09:11.506+09:00 DEBUG 10896 --- [zerobase-login] [main] org.hibernate.type.BasicTypeRegistry     : Adding type registration Currency -> org.hibernate.type.BasicTypeReference@491893f8
2025-05-15T21:09:11.506+09:00 DEBUG 10896 --- [zerobase-login] [main] org.hibernate.type.BasicTypeRegistry     : Adding type registration java.util.Currency -> org.hibernate.type.BasicTypeReference@491893f8
2025-05-15T21:09:11.506+09:00 DEBUG 10896 --- [zerobase-login] [main] org.hibernate.type.BasicTypeRegistry     : Adding type registration locale -> org.hibernate.type.BasicTypeReference@1f408ab6
2025-05-15T21:09:11.506+09:00 DEBUG 10896 --- [zerobase-login] [main] org.hibernate.type.BasicTypeRegistry     : Adding type registration java.util.Locale -> org.hibernate.type.BasicTypeReference@1f408ab6
2025-05-15T21:09:11.506+09:00 DEBUG 10896 --- [zerobase-login] [main] org.hibernate.type.BasicTypeRegistry     : Adding type registration serializable -> org.hibernate.type.BasicTypeReference@46e388ec
2025-05-15T21:09:11.506+09:00 DEBUG 10896 --- [zerobase-login] [main] org.hibernate.type.BasicTypeRegistry     : Adding type registration java.io.Serializable -> org.hibernate.type.BasicTypeReference@46e388ec
2025-05-15T21:09:11.506+09:00 DEBUG 10896 --- [zerobase-login] [main] org.hibernate.type.BasicTypeRegistry     : Adding type registration timezone -> org.hibernate.type.BasicTypeReference@53f495f0
2025-05-15T21:09:11.506+09:00 DEBUG 10896 --- [zerobase-login] [main] org.hibernate.type.BasicTypeRegistry     : Adding type registration java.util.TimeZone -> org.hibernate.type.BasicTypeReference@53f495f0
2025-05-15T21:09:11.506+09:00 DEBUG 10896 --- [zerobase-login] [main] org.hibernate.type.BasicTypeRegistry     : Adding type registration ZoneOffset -> org.hibernate.type.BasicTypeReference@5efe5b25
2025-05-15T21:09:11.506+09:00 DEBUG 10896 --- [zerobase-login] [main] org.hibernate.type.BasicTypeRegistry     : Adding type registration java.time.ZoneOffset -> org.hibernate.type.BasicTypeReference@5efe5b25
2025-05-15T21:09:11.506+09:00 DEBUG 10896 --- [zerobase-login] [main] org.hibernate.type.BasicTypeRegistry     : Adding type registration url -> org.hibernate.type.BasicTypeReference@45707f76
2025-05-15T21:09:11.507+09:00 DEBUG 10896 --- [zerobase-login] [main] org.hibernate.type.BasicTypeRegistry     : Adding type registration java.net.URL -> org.hibernate.type.BasicTypeReference@45707f76
2025-05-15T21:09:11.507+09:00 DEBUG 10896 --- [zerobase-login] [main] org.hibernate.type.BasicTypeRegistry     : Adding type registration vector -> org.hibernate.type.BasicTypeReference@1f0e2bdc
2025-05-15T21:09:11.507+09:00 DEBUG 10896 --- [zerobase-login] [main] org.hibernate.type.BasicTypeRegistry     : Adding type registration float_vector -> org.hibernate.type.BasicTypeReference@682266d8
2025-05-15T21:09:11.507+09:00 DEBUG 10896 --- [zerobase-login] [main] org.hibernate.type.BasicTypeRegistry     : Adding type registration double_vector -> org.hibernate.type.BasicTypeReference@44a93f8a
2025-05-15T21:09:11.507+09:00 DEBUG 10896 --- [zerobase-login] [main] org.hibernate.type.BasicTypeRegistry     : Adding type registration byte_vector -> org.hibernate.type.BasicTypeReference@26463a6
2025-05-15T21:09:11.507+09:00 DEBUG 10896 --- [zerobase-login] [main] org.hibernate.type.BasicTypeRegistry     : Adding type registration row_version -> org.hibernate.type.BasicTypeReference@6c5ae8fd
2025-05-15T21:09:11.511+09:00 DEBUG 10896 --- [zerobase-login] [main] org.hibernate.type.BasicTypeRegistry     : Adding type registration object -> org.hibernate.type.JavaObjectType@278de2b2
2025-05-15T21:09:11.511+09:00 DEBUG 10896 --- [zerobase-login] [main] org.hibernate.type.BasicTypeRegistry     : Adding type registration java.lang.Object -> org.hibernate.type.JavaObjectType@278de2b2
2025-05-15T21:09:11.512+09:00 DEBUG 10896 --- [zerobase-login] [main] org.hibernate.type.BasicTypeRegistry     : Adding type registration null -> org.hibernate.type.NullType@6248cfab
2025-05-15T21:09:11.512+09:00 DEBUG 10896 --- [zerobase-login] [main] org.hibernate.type.BasicTypeRegistry     : Adding type registration imm_date -> org.hibernate.type.BasicTypeReference@5871a482
2025-05-15T21:09:11.512+09:00 DEBUG 10896 --- [zerobase-login] [main] org.hibernate.type.BasicTypeRegistry     : Adding type registration imm_time -> org.hibernate.type.BasicTypeReference@45c90a05
2025-05-15T21:09:11.512+09:00 DEBUG 10896 --- [zerobase-login] [main] org.hibernate.type.BasicTypeRegistry     : Adding type registration imm_timestamp -> org.hibernate.type.BasicTypeReference@296676c4
2025-05-15T21:09:11.512+09:00 DEBUG 10896 --- [zerobase-login] [main] org.hibernate.type.BasicTypeRegistry     : Adding type registration imm_calendar -> org.hibernate.type.BasicTypeReference@df7d1d4
2025-05-15T21:09:11.512+09:00 DEBUG 10896 --- [zerobase-login] [main] org.hibernate.type.BasicTypeRegistry     : Adding type registration imm_calendar_date -> org.hibernate.type.BasicTypeReference@58f7215c
2025-05-15T21:09:11.512+09:00 DEBUG 10896 --- [zerobase-login] [main] org.hibernate.type.BasicTypeRegistry     : Adding type registration imm_calendar_time -> org.hibernate.type.BasicTypeReference@55638165
2025-05-15T21:09:11.512+09:00 DEBUG 10896 --- [zerobase-login] [main] org.hibernate.type.BasicTypeRegistry     : Adding type registration imm_binary -> org.hibernate.type.BasicTypeReference@4fa91d5b
2025-05-15T21:09:11.512+09:00 DEBUG 10896 --- [zerobase-login] [main] org.hibernate.type.BasicTypeRegistry     : Adding type registration imm_serializable -> org.hibernate.type.BasicTypeReference@7ce30c0b
2025-05-15T21:09:11.662+09:00  INFO 10896 --- [zerobase-login] [main] o.s.o.j.p.SpringPersistenceUnitInfo      : No LoadTimeWeaver setup: ignoring JPA class transformer
2025-05-15T21:09:11.729+09:00  INFO 10896 --- [zerobase-login] [main] org.hibernate.orm.connections.pooling    : HHH10001005: Database info:
	Database JDBC URL [Connecting through datasource 'HikariDataSource (HikariPool-1)']
	Database driver: undefined/unknown
	Database version: 2.3.232
	Autocommit mode: undefined/unknown
	Isolation level: undefined/unknown
	Minimum pool size: undefined/unknown
	Maximum pool size: undefined/unknown
2025-05-15T21:09:11.736+09:00 DEBUG 10896 --- [zerobase-login] [main] o.h.t.d.jdbc.spi.JdbcTypeRegistry        : addDescriptor(NCharTypeDescriptor) replaced previous registration(CharTypeDescriptor)
2025-05-15T21:09:11.736+09:00 DEBUG 10896 --- [zerobase-login] [main] o.h.t.d.jdbc.spi.JdbcTypeRegistry        : addDescriptor(NVarcharTypeDescriptor) replaced previous registration(VarcharTypeDescriptor)
2025-05-15T21:09:11.737+09:00 DEBUG 10896 --- [zerobase-login] [main] o.h.t.d.jdbc.spi.JdbcTypeRegistry        : addDescriptor(LongNVarcharTypeDescriptor) replaced previous registration(LongVarcharTypeDescriptor)
2025-05-15T21:09:11.738+09:00 DEBUG 10896 --- [zerobase-login] [main] o.h.t.d.jdbc.spi.JdbcTypeRegistry        : addDescriptor(NClobTypeDescriptor(DEFAULT)) replaced previous registration(ClobTypeDescriptor(DEFAULT))
2025-05-15T21:09:11.739+09:00 DEBUG 10896 --- [zerobase-login] [main] o.h.t.d.jdbc.spi.JdbcTypeRegistry        : addDescriptor(TimestampUtcDescriptor) replaced previous registration(TimestampUtcDescriptor)
2025-05-15T21:09:11.743+09:00 DEBUG 10896 --- [zerobase-login] [main] org.hibernate.type.BasicTypeRegistry     : Adding type registration org.hibernate.type.DurationType -> basicType@1(java.time.Duration,3015)
2025-05-15T21:09:11.743+09:00 DEBUG 10896 --- [zerobase-login] [main] org.hibernate.type.BasicTypeRegistry     : Adding type registration Duration -> basicType@1(java.time.Duration,3015)
2025-05-15T21:09:11.743+09:00 DEBUG 10896 --- [zerobase-login] [main] org.hibernate.type.BasicTypeRegistry     : Adding type registration java.time.Duration -> basicType@1(java.time.Duration,3015)
2025-05-15T21:09:11.745+09:00 DEBUG 10896 --- [zerobase-login] [main] o.h.type.spi.TypeConfiguration$Scope     : Scoping TypeConfiguration [org.hibernate.type.spi.TypeConfiguration@ecf028c] to MetadataBuildingContext [org.hibernate.boot.internal.MetadataBuildingContextRootImpl@7b64bbad]
2025-05-15T21:09:12.935+09:00  INFO 10896 --- [zerobase-login] [main] o.h.e.t.j.p.i.JtaPlatformInitiator       : HHH000489: No JTA platform available (set 'hibernate.transaction.jta.platform' to enable JTA platform integration)
2025-05-15T21:09:12.937+09:00 DEBUG 10896 --- [zerobase-login] [main] o.h.type.spi.TypeConfiguration$Scope     : Scoping TypeConfiguration [org.hibernate.type.spi.TypeConfiguration@ecf028c] to SessionFactoryImplementor [org.hibernate.internal.SessionFactoryImpl@4ef0bc5b]
2025-05-15T21:09:12.941+09:00 TRACE 10896 --- [zerobase-login] [main] o.h.type.spi.TypeConfiguration$Scope     : Handling #sessionFactoryCreated from [org.hibernate.internal.SessionFactoryImpl@4ef0bc5b] for TypeConfiguration
2025-05-15T21:09:12.941+09:00  INFO 10896 --- [zerobase-login] [main] j.LocalContainerEntityManagerFactoryBean : Initialized JPA EntityManagerFactory for persistence unit 'default'
2025-05-15T21:09:13.464+09:00  INFO 10896 --- [zerobase-login] [main] o.s.d.j.r.query.QueryEnhancerFactory     : Hibernate is in classpath; If applicable, HQL parser will be used.
2025-05-15T21:09:14.293+09:00  WARN 10896 --- [zerobase-login] [main] JpaBaseConfiguration$JpaWebConfiguration : spring.jpa.open-in-view is enabled by default. Therefore, database queries may be performed during view rendering. Explicitly configure spring.jpa.open-in-view to disable this warning
2025-05-15T21:09:14.323+09:00  WARN 10896 --- [zerobase-login] [main] .s.s.UserDetailsServiceAutoConfiguration : 

Using generated security password: 935e3e95-26bb-4683-8fd3-7875f26c6052

This generated password is for development use only. Your security configuration must be updated before running your application in production.

2025-05-15T21:09:14.350+09:00  INFO 10896 --- [zerobase-login] [main] r$InitializeUserDetailsManagerConfigurer : Global AuthenticationManager configured with UserDetailsService bean with name inMemoryUserDetailsManager
2025-05-15T21:09:15.036+09:00  INFO 10896 --- [zerobase-login] [main] o.s.b.a.h2.H2ConsoleAutoConfiguration    : H2 console available at '/h2-console'. Database available at 'jdbc:h2:mem:testdb'
2025-05-15T21:09:15.152+09:00  INFO 10896 --- [zerobase-login] [main] o.s.b.w.embedded.tomcat.TomcatWebServer  : Tomcat started on port 8080 (http) with context path '/'
2025-05-15T21:09:15.161+09:00  INFO 10896 --- [zerobase-login] [main] c.e.z.ZerobaseLoginApplication           : Started ZerobaseLoginApplication in 5.839 seconds (process running for 6.29)
2025-05-15T21:09:54.048+09:00  INFO 10896 --- [zerobase-login] [http-nio-8080-exec-2] o.a.c.c.C.[Tomcat].[localhost].[/]       : Initializing Spring DispatcherServlet 'dispatcherServlet'
2025-05-15T21:09:54.048+09:00  INFO 10896 --- [zerobase-login] [http-nio-8080-exec-2] o.s.web.servlet.DispatcherServlet        : Initializing Servlet 'dispatcherServlet'
2025-05-15T21:09:54.049+09:00  INFO 10896 --- [zerobase-login] [http-nio-8080-exec-2] o.s.web.servlet.DispatcherServlet        : Completed initialization in 1 ms
2025-05-15T21:09:54.161+09:00  INFO 10896 --- [zerobase-login] [http-nio-8080-exec-2] c.e.z.common.aop.LoginLogger             : ###############################
2025-05-15T21:09:54.161+09:00  INFO 10896 --- [zerobase-login] [http-nio-8080-exec-2] c.e.z.common.aop.LoginLogger             : ###############################
2025-05-15T21:09:54.161+09:00  INFO 10896 --- [zerobase-login] [http-nio-8080-exec-2] c.e.z.common.aop.LoginLogger             : 서비스 호출 전!!!!!
2025-05-15T21:09:54.216+09:00 DEBUG 10896 --- [zerobase-login] [http-nio-8080-exec-2] org.hibernate.SQL                        : select u1_0.id,u1_0.email,u1_0.lock_yn,u1_0.password,u1_0.phone,u1_0.reg_date,u1_0.status,u1_0.update_date,u1_0.user_name from users u1_0 where u1_0.email=?
2025-05-15T21:09:54.329+09:00  INFO 10896 --- [zerobase-login] [http-nio-8080-exec-2] c.e.z.common.aop.LoginLogger             : ###############################
2025-05-15T21:09:54.329+09:00  INFO 10896 --- [zerobase-login] [http-nio-8080-exec-2] c.e.z.common.aop.LoginLogger             : ###############################
2025-05-15T21:09:54.329+09:00  INFO 10896 --- [zerobase-login] [http-nio-8080-exec-2] c.e.z.common.aop.LoginLogger             : 서비스 호출 전!!!!!
2025-05-15T21:09:54.347+09:00 DEBUG 10896 --- [zerobase-login] [http-nio-8080-exec-2] org.hibernate.SQL                        : insert into logs (reg_date,text,id) values (?,?,default)
2025-05-15T21:09:54.363+09:00  INFO 10896 --- [zerobase-login] [http-nio-8080-exec-2] c.e.z.common.aop.LoginLogger             : ###############################
2025-05-15T21:09:54.363+09:00  INFO 10896 --- [zerobase-login] [http-nio-8080-exec-2] c.e.z.common.aop.LoginLogger             : ###############################
2025-05-15T21:09:54.363+09:00  INFO 10896 --- [zerobase-login] [http-nio-8080-exec-2] c.e.z.common.aop.LoginLogger             : 서비스 호출 후!!!!!
2025-05-15T21:09:54.363+09:00  INFO 10896 --- [zerobase-login] [http-nio-8080-exec-2] c.e.z.common.aop.LoginLogger             : 
함수명:com.example.zerobaselogin.user.service.UserServiceImpl, login
매개변수: UserLogin(email=test@naver.com, password=1111)
리턴값: User(id=1, email=test@naver.com, userName=박규태, password=$2a$10$aVjtWrojTOJJStC5EFH6Z.nG/U4c0PXJke3pmYWElmS/M77dG3Ud2, phone=010-1111-2222, regDate=2021-02-01T00:49:43, updateDate=null, status=Using, lockYn=false)
2025-05-15T21:09:54.363+09:00  INFO 10896 --- [zerobase-login] [http-nio-8080-exec-2] c.e.z.common.aop.LoginLogger             : ###############################
2025-05-15T21:09:54.363+09:00  INFO 10896 --- [zerobase-login] [http-nio-8080-exec-2] c.e.z.common.aop.LoginLogger             : ###############################
2025-05-15T21:09:54.363+09:00  INFO 10896 --- [zerobase-login] [http-nio-8080-exec-2] c.e.z.common.aop.LoginLogger             : 서비스 호출 후!!!!!
2025-05-15T21:11:09.322+09:00  INFO 10896 --- [zerobase-login] [http-nio-8080-exec-4] c.e.z.common.aop.LoginLogger             : ###############################
2025-05-15T21:11:09.322+09:00  INFO 10896 --- [zerobase-login] [http-nio-8080-exec-4] c.e.z.common.aop.LoginLogger             : ###############################
2025-05-15T21:11:09.322+09:00  INFO 10896 --- [zerobase-login] [http-nio-8080-exec-4] c.e.z.common.aop.LoginLogger             : 서비스 호출 전!!!!!
2025-05-15T21:11:09.324+09:00 DEBUG 10896 --- [zerobase-login] [http-nio-8080-exec-4] org.hibernate.SQL                        : select u1_0.id,u1_0.email,u1_0.lock_yn,u1_0.password,u1_0.phone,u1_0.reg_date,u1_0.status,u1_0.update_date,u1_0.user_name from users u1_0 where u1_0.email=?
2025-05-15T21:11:09.407+09:00 ERROR 10896 --- [zerobase-login] [http-nio-8080-exec-4] c.e.z.u.controller.ApiLoginController    : 로그인 에러: 일치하는 정보가 없습니다.
2025-05-15T21:11:30.120+09:00  INFO 10896 --- [zerobase-login] [SpringApplicationShutdownHook] o.s.b.w.e.tomcat.GracefulShutdown        : Commencing graceful shutdown. Waiting for active requests to complete
2025-05-15T21:11:30.270+09:00  INFO 10896 --- [zerobase-login] [tomcat-shutdown] o.s.b.w.e.tomcat.GracefulShutdown        : Graceful shutdown complete
2025-05-15T21:11:30.274+09:00  INFO 10896 --- [zerobase-login] [SpringApplicationShutdownHook] j.LocalContainerEntityManagerFactoryBean : Closing JPA EntityManagerFactory for persistence unit 'default'
2025-05-15T21:11:30.274+09:00 TRACE 10896 --- [zerobase-login] [SpringApplicationShutdownHook] o.h.type.spi.TypeConfiguration$Scope     : Handling #sessionFactoryClosed from [org.hibernate.internal.SessionFactoryImpl@4ef0bc5b] for TypeConfiguration
2025-05-15T21:11:30.274+09:00 DEBUG 10896 --- [zerobase-login] [SpringApplicationShutdownHook] o.h.type.spi.TypeConfiguration$Scope     : Un-scoping TypeConfiguration [org.hibernate.type.spi.TypeConfiguration$Scope@657d9605] from SessionFactory [org.hibernate.internal.SessionFactoryImpl@4ef0bc5b]
2025-05-15T21:11:30.275+09:00  INFO 10896 --- [zerobase-login] [SpringApplicationShutdownHook] com.zaxxer.hikari.HikariDataSource       : HikariPool-1 - Shutdown initiated...
2025-05-15T21:11:30.278+09:00  INFO 10896 --- [zerobase-login] [SpringApplicationShutdownHook] com.zaxxer.hikari.HikariDataSource       : HikariPool-1 - Shutdown completed.
